<?xml version="1.0" encoding="UTF-8"?>
<testsuite xmlns:xsi="http://www.w3.org/2001/XMLSchema-instance" xsi:schemaLocation="https://maven.apache.org/surefire/maven-surefire-plugin/xsd/surefire-test-report.xsd" name="com.mycompany.autotest.TestNGTest" time="0.343" tests="3" errors="0" skipped="1" failures="2">
  <properties>
[...]
</properties>
  <testcase name="setUp" classname="com.mycompany.autotest.TestNGTest" time="0.217">
    <failure message="&#10;Parameter &apos;browser&apos; is required by @Configuration on method setUp but has not been marked @Optional or defined&#10;" type="org.testng.TestNGException">org.testng.TestNGException: 

Parameter 'browser' is required by @Configuration on method setUp but has not been marked @Optional or defined

</failure>
  </testcase>
  <testcase name="testAuto" classname="com.mycompany.autotest.TestNGTest" time="0">
    <skipped/>
  </testcase>
  <testcase name="tearDown" classname="com.mycompany.autotest.TestNGTest" time="0.006">
    <failure type="java.lang.NullPointerException">java.lang.NullPointerException
	at com.mycompany.autotest.TestNGTest.tearDown(TestNGTest.java:218)
</failure>
  </testcase>
</testsuite>