<?xml version="1.0" encoding="UTF-8"?>
<testng-results skipped="0" failed="0" total="5" passed="5">
  <reporter-output>
  </reporter-output>
  <suite name="com.mycompany.autotest.TestNGTest" duration-ms="52601" started-at="2016-01-28T15:21:11Z" finished-at="2016-01-28T15:22:04Z">
    <groups>
    </groups>
    <test name="Command line test" duration-ms="52601" started-at="2016-01-28T15:21:11Z" finished-at="2016-01-28T15:22:04Z">
      <class name="com.mycompany.autotest.TestNGTest">
        <test-method status="PASS" signature="setUp()[pri:0, instance:com.mycompany.autotest.TestNGTest@5ebec15]" name="setUp" is-config="true" duration-ms="2302" started-at="2016-01-28T22:21:11Z" finished-at="2016-01-28T22:21:13Z">
          <reporter-output>
          </reporter-output>
        </test-method> <!-- setUp -->
        <test-method status="PASS" signature="test()[pri:0, instance:com.mycompany.autotest.TestNGTest@5ebec15]" name="test" duration-ms="11972" started-at="2016-01-28T22:21:13Z" finished-at="2016-01-28T22:21:25Z">
          <reporter-output>
          </reporter-output>
        </test-method> <!-- test -->
        <test-method status="PASS" signature="writeResult(org.testng.ITestResult)[pri:0, instance:com.mycompany.autotest.TestNGTest@5ebec15]" name="writeResult" is-config="true" duration-ms="1" started-at="2016-01-28T22:21:25Z" finished-at="2016-01-28T22:21:25Z">
          <params>
            <param index="0">
              <value>
                <![CDATA[[TestResult name=test status=SUCCESS method=TestNGTest.test()[pri:0, instance:com.mycompany.autotest.TestNGTest@5ebec15] output={null}]]]>
              </value>
            </param>
          </params>
          <reporter-output>
          </reporter-output>
        </test-method> <!-- writeResult -->
        <test-method status="PASS" signature="test()[pri:0, instance:com.mycompany.autotest.TestNGTest@5ebec15]" name="test" duration-ms="9529" started-at="2016-01-28T22:21:25Z" finished-at="2016-01-28T22:21:35Z">
          <reporter-output>
          </reporter-output>
        </test-method> <!-- test -->
        <test-method status="PASS" signature="writeResult(org.testng.ITestResult)[pri:0, instance:com.mycompany.autotest.TestNGTest@5ebec15]" name="writeResult" is-config="true" duration-ms="1" started-at="2016-01-28T22:21:35Z" finished-at="2016-01-28T22:21:35Z">
          <params>
            <param index="0">
              <value>
                <![CDATA[[TestResult name=test status=SUCCESS method=TestNGTest.test()[pri:0, instance:com.mycompany.autotest.TestNGTest@5ebec15] output={null}]]]>
              </value>
            </param>
          </params>
          <reporter-output>
          </reporter-output>
        </test-method> <!-- writeResult -->
        <test-method status="PASS" signature="test()[pri:0, instance:com.mycompany.autotest.TestNGTest@5ebec15]" name="test" duration-ms="8870" started-at="2016-01-28T22:21:35Z" finished-at="2016-01-28T22:21:44Z">
          <reporter-output>
          </reporter-output>
        </test-method> <!-- test -->
        <test-method status="PASS" signature="writeResult(org.testng.ITestResult)[pri:0, instance:com.mycompany.autotest.TestNGTest@5ebec15]" name="writeResult" is-config="true" duration-ms="0" started-at="2016-01-28T22:21:44Z" finished-at="2016-01-28T22:21:44Z">
          <params>
            <param index="0">
              <value>
                <![CDATA[[TestResult name=test status=SUCCESS method=TestNGTest.test()[pri:0, instance:com.mycompany.autotest.TestNGTest@5ebec15] output={null}]]]>
              </value>
            </param>
          </params>
          <reporter-output>
          </reporter-output>
        </test-method> <!-- writeResult -->
        <test-method status="PASS" signature="test()[pri:0, instance:com.mycompany.autotest.TestNGTest@5ebec15]" name="test" duration-ms="8929" started-at="2016-01-28T22:21:44Z" finished-at="2016-01-28T22:21:53Z">
          <reporter-output>
          </reporter-output>
        </test-method> <!-- test -->
        <test-method status="PASS" signature="writeResult(org.testng.ITestResult)[pri:0, instance:com.mycompany.autotest.TestNGTest@5ebec15]" name="writeResult" is-config="true" duration-ms="0" started-at="2016-01-28T22:21:53Z" finished-at="2016-01-28T22:21:53Z">
          <params>
            <param index="0">
              <value>
                <![CDATA[[TestResult name=test status=SUCCESS method=TestNGTest.test()[pri:0, instance:com.mycompany.autotest.TestNGTest@5ebec15] output={null}]]]>
              </value>
            </param>
          </params>
          <reporter-output>
          </reporter-output>
        </test-method> <!-- writeResult -->
        <test-method status="PASS" signature="test()[pri:0, instance:com.mycompany.autotest.TestNGTest@5ebec15]" name="test" duration-ms="9753" started-at="2016-01-28T22:21:53Z" finished-at="2016-01-28T22:22:02Z">
          <reporter-output>
          </reporter-output>
        </test-method> <!-- test -->
        <test-method status="PASS" signature="writeResult(org.testng.ITestResult)[pri:0, instance:com.mycompany.autotest.TestNGTest@5ebec15]" name="writeResult" is-config="true" duration-ms="0" started-at="2016-01-28T22:22:02Z" finished-at="2016-01-28T22:22:02Z">
          <params>
            <param index="0">
              <value>
                <![CDATA[[TestResult name=test status=SUCCESS method=TestNGTest.test()[pri:0, instance:com.mycompany.autotest.TestNGTest@5ebec15] output={null}]]]>
              </value>
            </param>
          </params>
          <reporter-output>
          </reporter-output>
        </test-method> <!-- writeResult -->
        <test-method status="PASS" signature="tearDown()[pri:0, instance:com.mycompany.autotest.TestNGTest@5ebec15]" name="tearDown" is-config="true" duration-ms="1239" started-at="2016-01-28T22:22:02Z" finished-at="2016-01-28T22:22:04Z">
          <reporter-output>
          </reporter-output>
        </test-method> <!-- tearDown -->
      </class> <!-- com.mycompany.autotest.TestNGTest -->
    </test> <!-- Command line test -->
  </suite> <!-- com.mycompany.autotest.TestNGTest -->
</testng-results>
