<?xml version="1.0" encoding="UTF-8"?>
<!-- Generated by org.testng.reporters.JUnitXMLReporter -->
<testsuite hostname="DESKTOP-TRFLG61" name="Command line test" tests="5" failures="0" timestamp="28 Jan 2016 15:22:04 GMT" time="52.601" errors="0">
  <testcase name="test" time="11.972" classname="com.mycompany.autotest.TestNGTest"/>
  <testcase name="test" time="9.529" classname="com.mycompany.autotest.TestNGTest"/>
  <testcase name="test" time="8.87" classname="com.mycompany.autotest.TestNGTest"/>
  <testcase name="test" time="8.929" classname="com.mycompany.autotest.TestNGTest"/>
  <testcase name="test" time="9.753" classname="com.mycompany.autotest.TestNGTest"/>
</testsuite> <!-- Command line test -->
